Updating account information at 2021-04-13 22:27:24.
Updating account information at 2021-04-13 22:27:30.
Updating account information at 2021-04-13 22:27:36.
Updating account information at 2021-04-13 22:27:41.
Updating account information at 2021-04-13 22:27:47.
Traceback (most recent call last):
  File "db.py", line 682, in <module>
    futures.append(executor.submit(update_orders()))
  File "db.py", line 149, in update_orders
    res = rh.orders.get_all_open_option_orders()
  File "/home/noah/optionhood/robin_stocks/robinhood/helper.py", line 33, in login_wrapper
    return(func(*args, **kwargs))
  File "/home/noah/optionhood/robin_stocks/robinhood/orders.py", line 86, in get_all_open_option_orders
    data = [item for item in data if item['cancel_url'] is not None]
  File "/home/noah/optionhood/robin_stocks/robinhood/orders.py", line 86, in <listcomp>
    data = [item for item in data if item['cancel_url'] is not None]
TypeError: 'NoneType' object is not subscriptable
Logged in!
Starting task runners...
Running task_runner for update_account
Running task_runner for update_position_info
Running task_runner for update_spread_cap_ids
Running task_runner for update_uncapped_shorts
Running task_runner for update_long_position_market_data
Running task_runner for update_short_position_market_data
Running task_runner for update_underlying_market_data
Running task_runner for update_orders
Running task_runner for update_orders_market_data
Running task_runner for update_instrument_data
Updating account information at 2021-04-14 13:57:51.
Problem running task: update_orders
Updating account information at 2021-04-14 13:57:54.
Problem running task: update_orders
Updating account information at 2021-04-14 13:57:57.
Problem running task: update_orders
Updating account information at 2021-04-14 13:58:00.
Updating account information at 2021-04-14 13:58:03.
Updating account information at 2021-04-14 13:58:06.
Updating account information at 2021-04-14 13:58:09.
Updating account information at 2021-04-14 13:58:12.
Updating account information at 2021-04-14 13:58:15.
Updating account information at 2021-04-14 13:58:18.
Updating account information at 2021-04-14 13:58:21.
Updating account information at 2021-04-14 13:58:24.
Updating account information at 2021-04-14 13:58:27.
Updating account information at 2021-04-14 13:58:30.
Updating account information at 2021-04-14 13:58:33.
Updating account information at 2021-04-14 13:58:36.
Updating account information at 2021-04-14 13:58:39.
Updating account information at 2021-04-14 13:58:42.
Problem running task: update_orders
Updating account information at 2021-04-14 13:58:45.
Problem running task: update_orders
Updating account information at 2021-04-14 13:58:49.
Problem running task: update_orders
Updating account information at 2021-04-14 13:58:52.
Problem running task: update_orders
Updating account information at 2021-04-14 13:58:55.
Problem running task: update_orders
Updating account information at 2021-04-14 13:58:58.
Updating account information at 2021-04-14 13:59:01.
Updating account information at 2021-04-14 13:59:04.
Updating account information at 2021-04-14 13:59:07.
Updating account information at 2021-04-14 13:59:10.
Updating account information at 2021-04-14 13:59:13.
Updating account information at 2021-04-14 13:59:16.
Updating account information at 2021-04-14 13:59:19.
Updating account information at 2021-04-14 13:59:22.
Updating account information at 2021-04-14 13:59:25.
Updating account information at 2021-04-14 13:59:28.
Updating account information at 2021-04-14 13:59:31.
Updating account information at 2021-04-14 13:59:34.
Updating account information at 2021-04-14 13:59:37.
Updating account information at 2021-04-14 13:59:40.
Updating account information at 2021-04-14 13:59:43.
Problem running task: update_orders
Updating account information at 2021-04-14 13:59:46.
Problem running task: update_orders
Updating account information at 2021-04-14 13:59:49.
Problem running task: update_orders
Updating account information at 2021-04-14 13:59:52.
Problem running task: update_orders
Updating account information at 2021-04-14 13:59:55.
Problem running task: update_orders
Updating account information at 2021-04-14 13:59:58.
Updating account information at 2021-04-14 14:00:01.
Updating account information at 2021-04-14 14:00:04.
Updating account information at 2021-04-14 14:00:07.
Updating account information at 2021-04-14 14:00:10.
Updating account information at 2021-04-14 14:00:13.
Updating account information at 2021-04-14 14:00:16.
Updating account information at 2021-04-14 14:00:19.
Updating account information at 2021-04-14 14:00:22.
Updating account information at 2021-04-14 14:00:25.
Updating account information at 2021-04-14 14:00:28.
Updating account information at 2021-04-14 14:00:31.
Updating account information at 2021-04-14 14:00:34.
Updating account information at 2021-04-14 14:00:37.
Updating account information at 2021-04-14 14:00:40.
Updating account information at 2021-04-14 14:00:43.
Problem running task: update_orders
Updating account information at 2021-04-14 14:00:46.
Problem running task: update_orders
Updating account information at 2021-04-14 14:00:49.
Problem running task: update_orders
Updating account information at 2021-04-14 14:00:52.
Problem running task: update_orders
Updating account information at 2021-04-14 14:00:55.
Problem running task: update_orders
Updating account information at 2021-04-14 14:00:58.
Updating account information at 2021-04-14 14:01:01.
Updating account information at 2021-04-14 14:01:04.
Updating account information at 2021-04-14 14:01:07.
Updating account information at 2021-04-14 14:01:10.
Updating account information at 2021-04-14 14:01:13.
Updating account information at 2021-04-14 14:01:16.
Updating account information at 2021-04-14 14:01:19.
Updating account information at 2021-04-14 14:01:22.
Updating account information at 2021-04-14 14:01:25.
Updating account information at 2021-04-14 14:01:28.
Updating account information at 2021-04-14 14:01:31.
Updating account information at 2021-04-14 14:01:34.
Updating account information at 2021-04-14 14:01:37.
Updating account information at 2021-04-14 14:01:40.
Updating account information at 2021-04-14 14:01:43.
Problem running task: update_orders
Updating account information at 2021-04-14 14:01:46.
Problem running task: update_orders
Updating account information at 2021-04-14 14:01:49.
Problem running task: update_orders
Updating account information at 2021-04-14 14:01:52.
Problem running task: update_orders
Updating account information at 2021-04-14 14:01:55.
Problem running task: update_orders
Updating account information at 2021-04-14 14:01:58.
Updating account information at 2021-04-14 14:02:01.
Updating account information at 2021-04-14 14:02:04.
Updating account information at 2021-04-14 14:02:07.
Updating account information at 2021-04-14 14:02:10.
Updating account information at 2021-04-14 14:02:13.
Updating account information at 2021-04-14 14:02:16.
Updating account information at 2021-04-14 14:02:19.
Updating account information at 2021-04-14 14:02:22.
Updating account information at 2021-04-14 14:02:25.
Updating account information at 2021-04-14 14:02:28.
Updating account information at 2021-04-14 14:02:31.
Updating account information at 2021-04-14 14:02:34.
Updating account information at 2021-04-14 14:02:37.
Updating account information at 2021-04-14 14:02:40.
Updating account information at 2021-04-14 14:02:43.
Problem running task: update_orders
Updating account information at 2021-04-14 14:02:46.
Problem running task: update_orders
Updating account information at 2021-04-14 14:02:49.
Problem running task: update_orders
Updating account information at 2021-04-14 14:02:52.
Problem running task: update_orders
Updating account information at 2021-04-14 14:02:55.
Problem running task: update_orders
Updating account information at 2021-04-14 14:02:58.
Updating account information at 2021-04-14 14:03:01.
Updating account information at 2021-04-14 14:03:04.
Updating account information at 2021-04-14 14:03:07.
Updating account information at 2021-04-14 14:03:10.
Updating account information at 2021-04-14 14:03:13.
Updating account information at 2021-04-14 14:03:16.
Updating account information at 2021-04-14 14:03:19.
Updating account information at 2021-04-14 14:03:22.
Updating account information at 2021-04-14 14:03:25.
Updating account information at 2021-04-14 14:03:28.
Updating account information at 2021-04-14 14:03:31.
Updating account information at 2021-04-14 14:03:34.
Updating account information at 2021-04-14 14:03:37.
Updating account information at 2021-04-14 14:03:40.
Updating account information at 2021-04-14 14:03:43.
Problem running task: update_orders
Updating account information at 2021-04-14 14:03:46.
Problem running task: update_orders
Updating account information at 2021-04-14 14:03:49.
Problem running task: update_orders
Updating account information at 2021-04-14 14:03:52.
Problem running task: update_orders
Updating account information at 2021-04-14 14:03:55.
Problem running task: update_orders
Updating account information at 2021-04-14 14:03:58.Logged in!
Starting task runners...
Running task_runner for update_account
Running task_runner for update_position_info
Running task_runner for update_spread_cap_ids
Running task_runner for update_uncapped_shorts
Running task_runner for update_long_position_market_data
Running task_runner for update_short_position_market_data
Running task_runner for update_underlying_market_data
Running task_runner for update_orders
Running task_runner for update_orders_market_data
Running task_runner for update_instrument_data
Updating account information at 2021-04-14 14:04:32.
Updating account information at 2021-04-14 14:04:35.
Updating account information at 2021-04-14 14:04:38.
Updating account information at 2021-04-14 14:04:41.
Updating account information at 2021-04-14 14:04:44.
Updating account information at 2021-04-14 14:04:47.
Updating account information at 2021-04-14 14:04:50.
Updating account information at 2021-04-14 14:04:53.
Updating account information at 2021-04-14 14:04:56.
Updating account information at 2021-04-14 14:04:59.
Updating account information at 2021-04-14 14:05:02.
Updating account information at 2021-04-14 14:05:05.
Updating account information at 2021-04-14 14:05:08.
Updating account information at 2021-04-14 14:05:11.
Updating account information at 2021-04-14 14:05:14.
Updating account information at 2021-04-14 14:05:17.
Updating account information at 2021-04-14 14:05:20.
Updating account information at 2021-04-14 14:05:23.
Updating account information at 2021-04-14 14:05:26.
Updating account information at 2021-04-14 14:05:29.
Updating account information at 2021-04-14 14:05:32.
Updating account information at 2021-04-14 14:05:35.
Updating account information at 2021-04-14 14:05:38.
Updating account information at 2021-04-14 14:05:41.
Updating account information at 2021-04-14 14:05:44.
Problem running task: update_orders
Updating account information at 2021-04-14 14:05:47.
Problem running task: update_orders
Updating account information at 2021-04-14 14:05:50.
Problem running task: update_orders
Updating account information at 2021-04-14 14:05:53.
Problem running task: update_orders
Updating account information at 2021-04-14 14:05:56.
Problem running task: update_orders
Updating account information at 2021-04-14 14:05:59.
Updating account information at 2021-04-14 14:06:02.
Updating account information at 2021-04-14 14:06:05.
Updating account information at 2021-04-14 14:06:08.
Updating account information at 2021-04-14 14:06:11.
Updating account information at 2021-04-14 14:06:14.
Updating account information at 2021-04-14 14:06:17.
Updating account information at 2021-04-14 14:06:20.
Updating account information at 2021-04-14 14:06:23.
Updating account information at 2021-04-14 14:06:26.
Updating account information at 2021-04-14 14:06:29.
Updating account information at 2021-04-14 14:06:32.
Updating account information at 2021-04-14 14:06:35.
Updating account information at 2021-04-14 14:06:38.
Updating account information at 2021-04-14 14:06:41.
Updating account information at 2021-04-14 14:06:44.
Updating account information at 2021-04-14 14:06:47.
Problem running task: update_orders
Updating account information at 2021-04-14 14:06:50.
Problem running task: update_orders
Updating account information at 2021-04-14 14:06:53.
Problem running task: update_orders
Updating account information at 2021-04-14 14:06:56.
Problem running task: update_orders
Updating account information at 2021-04-14 14:06:59.
Problem running task: update_orders
Updating account information at 2021-04-14 14:07:02.
Updating account information at 2021-04-14 14:07:05.
Updating account information at 2021-04-14 14:07:08.
Updating account information at 2021-04-14 14:07:11.
Updating account information at 2021-04-14 14:07:14.
Updating account information at 2021-04-14 14:07:17.
Updating account information at 2021-04-14 14:07:20.
Updating account information at 2021-04-14 14:07:23.
Updating account information at 2021-04-14 14:07:26.
Updating account information at 2021-04-14 14:07:29.
Updating account information at 2021-04-14 14:07:32.
Updating account information at 2021-04-14 14:07:35.
Updating account information at 2021-04-14 14:07:38.
Updating account information at 2021-04-14 14:07:41.
Updating account information at 2021-04-14 14:07:44.
Updating account information at 2021-04-14 14:07:47.
Problem running task: update_orders
Updating account information at 2021-04-14 14:07:50.
Problem running task: update_orders
Updating account information at 2021-04-14 14:07:53.
Problem running task: update_orders
Updating account information at 2021-04-14 14:07:56.
Problem running task: update_orders
Updating account information at 2021-04-14 14:07:59.
Problem running task: update_orders
Updating account information at 2021-04-14 14:08:02.
Updating account information at 2021-04-14 14:08:05.
Updating account information at 2021-04-14 14:08:08.
Updating account information at 2021-04-14 14:08:11.
Updating account information at 2021-04-14 14:08:14.
Updating account information at 2021-04-14 14:08:17.
Updating account information at 2021-04-14 14:08:20.
Updating account information at 2021-04-14 14:08:23.
Updating account information at 2021-04-14 14:08:26.
Updating account information at 2021-04-14 14:08:29.
Updating account information at 2021-04-14 14:08:32.
Updating account information at 2021-04-14 14:08:35.
Updating account information at 2021-04-14 14:08:38.
Updating account information at 2021-04-14 14:08:41.
Updating account information at 2021-04-14 14:08:44.
Updating account information at 2021-04-14 14:08:47.
Problem running task: update_orders
Updating account information at 2021-04-14 14:08:50.
Problem running task: update_orders
Updating account information at 2021-04-14 14:08:53.
Problem running task: update_orders
Updating account information at 2021-04-14 14:08:56.
Problem running task: update_orders
Updating account information at 2021-04-14 14:08:59.
Updating account information at 2021-04-14 14:09:02.
Updating account information at 2021-04-14 14:09:05.
Updating account information at 2021-04-14 14:09:08.
Updating account information at 2021-04-14 14:09:11.
Updating account information at 2021-04-14 14:09:14.
Updating account information at 2021-04-14 14:09:17.
Updating account information at 2021-04-14 14:09:20.
Updating account information at 2021-04-14 14:09:23.
Updating account information at 2021-04-14 14:09:26.
Updating account information at 2021-04-14 14:09:29.
Updating account information at 2021-04-14 14:09:32.
Updating account information at 2021-04-14 14:09:35.
Updating account information at 2021-04-14 14:09:38.
Updating account information at 2021-04-14 14:09:41.
Problem running task: update_orders
Updating account information at 2021-04-14 14:09:44.
Updating account information at 2021-04-14 14:09:47.
Problem running task: update_orders
Updating account information at 2021-04-14 14:09:50.
Problem running task: update_orders
Updating account information at 2021-04-14 14:09:53.
Problem running task: update_orders
Updating account information at 2021-04-14 14:09:56.
Problem running task: update_orders
Updating account information at 2021-04-14 14:09:59.
Problem running task: update_orders
Updating account information at 2021-04-14 14:10:02.
Updating account information at 2021-04-14 14:10:05.
Updating account information at 2021-04-14 14:10:08.
Updating account information at 2021-04-14 14:10:11.
Updating account information at 2021-04-14 14:10:14.
Updating account information at 2021-04-14 14:10:17.
Updating account information at 2021-04-14 14:10:20.
Updating account information at 2021-04-14 14:10:23.
Updating account information at 2021-04-14 14:10:26.
Updating account information at 2021-04-14 14:10:29.
Updating account information at 2021-04-14 14:10:32.
Updating account information at 2021-04-14 14:10:35.
Updating account information at 2021-04-14 14:10:38.
Updating account information at 2021-04-14 14:10:41.
Updating account information at 2021-04-14 14:10:44.
Updating account information at 2021-04-14 14:10:47.
Problem running task: update_orders
Updating account information at 2021-04-14 14:10:50.
Problem running task: update_ordersLogged in!
Starting task runners...
Running task_runner for update_account
Running task_runner for update_position_info
Running task_runner for update_spread_cap_ids
Running task_runner for update_uncapped_shorts
Running task_runner for update_long_position_market_data
Running task_runner for update_short_position_market_data
Running task_runner for update_underlying_market_data
Running task_runner for update_orders
Running task_runner for update_orders_market_data
Running task_runner for update_instrument_data
Updating account information at 2021-04-14 14:20:29.
Updating account information at 2021-04-14 14:20:32.
Traceback (most recent call last):
  File "db.py", line 699, in <module>
    time.sleep(config.RH_REQUEST_INTERVAL)
KeyboardInterrupt

During handling of the above exception, another exception occurred:

Traceback (most recent call last):
  File "db.py", line 699, in <module>
    time.sleep(config.RH_REQUEST_INTERVAL)
  File "/usr/lib/python3.8/concurrent/futures/_base.py", line 636, in __exit__
    self.shutdown(wait=True)
  File "/usr/lib/python3.8/concurrent/futures/thread.py", line 236, in shutdown
    t.join()
  File "/usr/lib/python3.8/threading.py", line 1011, in join
    self._wait_for_tstate_lock()
  File "/usr/lib/python3.8/threading.py", line 1027, in _wait_for_tstate_lock
    elif lock.acquire(block, timeout):
KeyboardInterrupt
Error in atexit._run_exitfuncs:
Traceback (most recent call last):
  File "/usr/lib/python3.8/concurrent/futures/thread.py", line 40, in _python_exit
    t.join()
  File "/usr/lib/python3.8/threading.py", line 1011, in join
    self._wait_for_tstate_lock()
  File "/usr/lib/python3.8/threading.py", line 1027, in _wait_for_tstate_lock
    elif lock.acquire(block, timeout):
KeyboardInterrupt
Logged in!
Starting task runners...
Running task_runner for update_account
Running task_runner for update_position_info
Running task_runner for update_spread_cap_ids
Running task_runner for update_uncapped_shorts
Running task_runner for update_long_position_market_data
Running task_runner for update_short_position_market_data
Running task_runner for update_underlying_market_data
Running task_runner for update_orders
Running task_runner for update_orders_market_data
Running task_runner for update_instrument_data
Updating account information at 2021-04-14 14:24:45.
Updating account information at 2021-04-14 14:24:48.
Updating account information at 2021-04-14 14:24:51.
Updating account information at 2021-04-14 14:24:54.
Problem running task: update_orders
Updating account information at 2021-04-14 14:24:57.
Problem running task: update_orders
Updating account information at 2021-04-14 14:25:00.
Updating account information at 2021-04-14 14:25:03.
Updating account information at 2021-04-14 14:25:06.
Updating account information at 2021-04-14 14:25:09.
Updating account information at 2021-04-14 14:25:12.
Updating account information at 2021-04-14 14:25:15.
Updating account information at 2021-04-14 14:25:18.
Updating account information at 2021-04-14 14:25:21.
Updating account information at 2021-04-14 14:25:24.
Updating account information at 2021-04-14 14:25:27.
Updating account information at 2021-04-14 14:25:30.
Updating account information at 2021-04-14 14:25:33.
Updating account information at 2021-04-14 14:25:36.
Updating account information at 2021-04-14 14:25:39.
Updating account information at 2021-04-14 14:25:42.
Updating account information at 2021-04-14 14:25:45.
Problem running task: update_orders
Updating account information at 2021-04-14 14:25:48.
Problem running task: update_orders
Updating account information at 2021-04-14 14:25:51.
Problem running task: update_orders
Updating account information at 2021-04-14 14:25:54.
Problem running task: update_orders
Updating account information at 2021-04-14 14:25:57.
Problem running task: update_orders
Updating account information at 2021-04-14 14:26:00.
Updating account information at 2021-04-14 14:26:03.
Updating account information at 2021-04-14 14:26:06.
Updating account information at 2021-04-14 14:26:09.
Updating account information at 2021-04-14 14:26:12.
Updating account information at 2021-04-14 14:26:15.
Updating account information at 2021-04-14 14:26:18.
Updating account information at 2021-04-14 14:26:21.
Updating account information at 2021-04-14 14:26:24.
Updating account information at 2021-04-14 14:26:27.
Updating account information at 2021-04-14 14:26:30.
Updating account information at 2021-04-14 14:26:33.
Updating account information at 2021-04-14 14:26:36.
Updating account information at 2021-04-14 14:26:39.
Updating account information at 2021-04-14 14:26:42.
Updating account information at 2021-04-14 14:26:45.
Problem running task: update_orders
Updating account information at 2021-04-14 14:26:48.
Problem running task: update_orders
Updating account information at 2021-04-14 14:26:51.
Problem running task: update_orders
Updating account information at 2021-04-14 14:26:54.
Problem running task: update_orders
Updating account information at 2021-04-14 14:26:57.
Problem running task: update_orders
Updating account information at 2021-04-14 14:27:00.
Updating account information at 2021-04-14 14:27:03.
Updating account information at 2021-04-14 14:27:06.
Updating account information at 2021-04-14 14:27:09.
Updating account information at 2021-04-14 14:27:12.
Updating account information at 2021-04-14 14:27:15.
Updating account information at 2021-04-14 14:27:18.
Updating account information at 2021-04-14 14:27:21.
Updating account information at 2021-04-14 14:27:24.
Updating account information at 2021-04-14 14:27:27.
Updating account information at 2021-04-14 14:27:30.
Updating account information at 2021-04-14 14:27:33.
Updating account information at 2021-04-14 14:27:36.
Updating account information at 2021-04-14 14:27:39.
Updating account information at 2021-04-14 14:27:42.
Updating account information at 2021-04-14 14:27:45.
Problem running task: update_orders
Updating account information at 2021-04-14 14:27:48.
Problem running task: update_orders
Updating account information at 2021-04-14 14:27:51.
Problem running task: update_orders
Updating account information at 2021-04-14 14:27:54.
Problem running task: update_orders
Updating account information at 2021-04-14 14:27:57.
Problem running task: update_orders
Updating account information at 2021-04-14 14:28:00.
Updating account information at 2021-04-14 14:28:03.
Updating account information at 2021-04-14 14:28:06.
Updating account information at 2021-04-14 14:28:09.
Updating account information at 2021-04-14 14:28:12.
Updating account information at 2021-04-14 14:28:15.
Updating account information at 2021-04-14 14:28:18.
Updating account information at 2021-04-14 14:28:21.
Updating account information at 2021-04-14 14:28:24.
Updating account information at 2021-04-14 14:28:27.
Updating account information at 2021-04-14 14:28:30.
Updating account information at 2021-04-14 14:28:33.
Updating account information at 2021-04-14 14:28:36.
Updating account information at 2021-04-14 14:28:39.
Updating account information at 2021-04-14 14:28:42.
Updating account information at 2021-04-14 14:28:45.
Problem running task: update_orders
Updating account information at 2021-04-14 14:28:48.
Problem running task: update_orders
Problem running task: update_orders
Problem running task: update_orders
Problem running task: update_orders
Problem running task: update_orders
Problem running task: update_orders
Problem running task: update_orders
Problem running task: update_orders
Problem running task: update_orders
Problem running task: update_orders
Problem running task: update_orders
Problem running task: update_orders
Problem running task: update_orders
Problem running task: update_orders
Problem running task: update_orders
Problem running task: update_orders
Problem running task: update_orders
Problem running task: update_orders
Problem running task: update_orders
Problem running task: update_orders
Problem running task: update_orders
Problem running task: update_orders
Problem running task: update_orders
Problem running task: update_orders
Problem running task: update_orders
Problem running task: update_orders
Problem running task: update_orders
Problem running task: update_orders
Problem running task: update_orders
Problem running task: update_orders
Problem running task: update_orders
Problem running task: update_orders
Problem running task: update_orders
Problem running task: update_orders
Problem running task: update_orders
Problem running task: update_orders
Problem running task: update_orders
Problem running task: update_orders
Problem running task: update_orders
Problem running task: update_orders
Problem running task: update_orders
Problem running task: update_orders
Problem running task: update_orders
Problem running task: update_short_position_market_data
Problem running task: update_orders
Problem running task: update_short_position_market_data
Problem running task: update_orders
Problem running task: update_short_position_market_data
Problem running task: update_orders
Problem running task: update_short_position_market_data
Problem running task: update_orders
Problem running task: update_short_position_market_data
Problem running task: update_orders
Problem running task: update_short_position_market_data
Problem running task: update_orders
Problem running task: update_short_position_market_data
Problem running task: update_orders
Problem running task: update_short_position_market_data
Problem running task: update_orders
Problem running task: update_short_position_market_data
Problem running task: update_orders
Problem running task: update_short_position_market_data
Problem running task: update_short_position_market_data
Problem running task: update_short_position_market_data
Problem running task: update_short_position_market_data
Problem running task: update_short_position_market_data
Problem running task: update_short_position_market_data